# JRE version: Java(TM) SE Runtime Environment (8.0_131-b11) (build 1.8.0_131-b11)
# Java VM: Java HotSpot(TM) 64-Bit Server VM (25.131-b11 mixed mode bsd-amd64 compressed oops)
Heap:
 PSYoungGen      total 25600K, used 19185K [0x0000000795580000, 0x0000000797000000, 0x00000007c0000000)
  eden space 24064K, 76% used [0x0000000795580000,0x000000079675c6b8,0x0000000796d00000)
  from space 1536K, 58% used [0x0000000796e80000,0x0000000796f60000,0x0000000797000000)
  to   space 1536K, 0% used [0x0000000796d00000,0x0000000796d00000,0x0000000796e80000)
 ParOldGen       total 52736K, used 13469K [0x0000000740000000, 0x0000000743380000, 0x0000000795580000)
  object space 52736K, 25% used [0x0000000740000000,0x0000000740d27758,0x0000000743380000)
 Metaspace       used 23041K, capacity 24234K, committed 24448K, reserved 1071104K
  class space    used 3133K, capacity 3401K, committed 3456K, reserved 1048576K
GC Heap History (10 events):
Event: 129.468 GC heap before
{Heap before GC invocations=49 (full 1):
 PSYoungGen      total 26112K, used 24704K [0x0000000795580000, 0x0000000797100000, 0x00000007c0000000)
  eden space 24064K, 100% used [0x0000000795580000,0x0000000796d00000,0x0000000796d00000)
  from space 2048K, 31% used [0x0000000796d00000,0x0000000796da0000,0x0000000796f00000)
  to   space 2048K, 0% used [0x0000000796f00000,0x0000000796f00000,0x0000000797100000)
 ParOldGen       total 52736K, used 13357K [0x0000000740000000, 0x0000000743380000, 0x0000000795580000)
  object space 52736K, 25% used [0x0000000740000000,0x0000000740d0b758,0x0000000743380000)
 Metaspace       used 22996K, capacity 24170K, committed 24448K, reserved 1071104K
  class space    used 3133K, capacity 3401K, committed 3456K, reserved 1048576K
Event: 129.472 GC heap after
Heap after GC invocations=49 (full 1):
 PSYoungGen      total 26112K, used 608K [0x0000000795580000, 0x0000000797100000, 0x00000007c0000000)
  eden space 24064K, 0% used [0x0000000795580000,0x0000000795580000,0x0000000796d00000)
  from space 2048K, 29% used [0x0000000796f00000,0x0000000796f98000,0x0000000797100000)
  to   space 2048K, 0% used [0x0000000796d00000,0x0000000796d00000,0x0000000796f00000)
 ParOldGen       total 52736K, used 13365K [0x0000000740000000, 0x0000000743380000, 0x0000000795580000)
  object space 52736K, 25% used [0x0000000740000000,0x0000000740d0d758,0x0000000743380000)
 Metaspace       used 22996K, capacity 24170K, committed 24448K, reserved 1071104K
  class space    used 3133K, capacity 3401K, committed 3456K, reserved 1048576K
}
Event: 130.769 GC heap before
{Heap before GC invocations=50 (full 1):
 PSYoungGen      total 26112K, used 24672K [0x0000000795580000, 0x0000000797100000, 0x00000007c0000000)
  eden space 24064K, 100% used [0x0000000795580000,0x0000000796d00000,0x0000000796d00000)
  from space 2048K, 29% used [0x0000000796f00000,0x0000000796f98000,0x0000000797100000)
  to   space 2048K, 0% used [0x0000000796d00000,0x0000000796d00000,0x0000000796f00000)
 ParOldGen       total 52736K, used 13365K [0x0000000740000000, 0x0000000743380000, 0x0000000795580000)
  object space 52736K, 25% used [0x0000000740000000,0x0000000740d0d758,0x0000000743380000)
 Metaspace       used 23013K, capacity 24234K, committed 24448K, reserved 1071104K
  class space    used 3133K, capacity 3401K, committed 3456K, reserved 1048576K
Event: 130.774 GC heap after
Heap after GC invocations=50 (full 1):
 PSYoungGen      total 26112K, used 832K [0x0000000795580000, 0x0000000797100000, 0x00000007c0000000)
  eden space 24064K, 0% used [0x0000000795580000,0x0000000795580000,0x0000000796d00000)
  from space 2048K, 40% used [0x0000000796d00000,0x0000000796dd0000,0x0000000796f00000)
  to   space 2048K, 0% used [0x0000000796f00000,0x0000000796f00000,0x0000000797100000)
 ParOldGen       total 52736K, used 13381K [0x0000000740000000, 0x0000000743380000, 0x0000000795580000)
  object space 52736K, 25% used [0x0000000740000000,0x0000000740d11758,0x0000000743380000)
 Metaspace       used 23013K, capacity 24234K, committed 24448K, reserved 1071104K
  class space    used 3133K, capacity 3401K, committed 3456K, reserved 1048576K
}
Event: 131.844 GC heap before
{Heap before GC invocations=51 (full 1):
 PSYoungGen      total 26112K, used 24896K [0x0000000795580000, 0x0000000797100000, 0x00000007c0000000)
  eden space 24064K, 100% used [0x0000000795580000,0x0000000796d00000,0x0000000796d00000)
  from space 2048K, 40% used [0x0000000796d00000,0x0000000796dd0000,0x0000000796f00000)
  to   space 2048K, 0% used [0x0000000796f00000,0x0000000796f00000,0x0000000797100000)
 ParOldGen       total 52736K, used 13381K [0x0000000740000000, 0x0000000743380000, 0x0000000795580000)
  object space 52736K, 25% used [0x0000000740000000,0x0000000740d11758,0x0000000743380000)
 Metaspace       used 23024K, capacity 24234K, committed 24448K, reserved 1071104K
  class space    used 3133K, capacity 3401K, committed 3456K, reserved 1048576K
Event: 131.851 GC heap after
Heap after GC invocations=51 (full 1):
 PSYoungGen      total 26112K, used 800K [0x0000000795580000, 0x0000000797100000, 0x00000007c0000000)
  eden space 24064K, 0% used [0x0000000795580000,0x0000000795580000,0x0000000796d00000)
  from space 2048K, 39% used [0x0000000796f00000,0x0000000796fc8000,0x0000000797100000)
  to   space 2048K, 0% used [0x0000000796d00000,0x0000000796d00000,0x0000000796f00000)
 ParOldGen       total 52736K, used 13445K [0x0000000740000000, 0x0000000743380000, 0x0000000795580000)
  object space 52736K, 25% used [0x0000000740000000,0x0000000740d21758,0x0000000743380000)
 Metaspace       used 23024K, capacity 24234K, committed 24448K, reserved 1071104K
  class space    used 3133K, capacity 3401K, committed 3456K, reserved 1048576K
}
Event: 132.854 GC heap before
{Heap before GC invocations=52 (full 1):
 PSYoungGen      total 26112K, used 24864K [0x0000000795580000, 0x0000000797100000, 0x00000007c0000000)
  eden space 24064K, 100% used [0x0000000795580000,0x0000000796d00000,0x0000000796d00000)
  from space 2048K, 39% used [0x0000000796f00000,0x0000000796fc8000,0x0000000797100000)
  to   space 2048K, 0% used [0x0000000796d00000,0x0000000796d00000,0x0000000796f00000)
 ParOldGen       total 52736K, used 13445K [0x0000000740000000, 0x0000000743380000, 0x0000000795580000)
  object space 52736K, 25% used [0x0000000740000000,0x0000000740d21758,0x0000000743380000)
 Metaspace       used 23026K, capacity 24234K, committed 24448K, reserved 1071104K
  class space    used 3133K, capacity 3401K, committed 3456K, reserved 1048576K
Event: 132.859 GC heap after
Heap after GC invocations=52 (full 1):
 PSYoungGen      total 25088K, used 832K [0x0000000795580000, 0x0000000797000000, 0x00000007c0000000)
  eden space 24064K, 0% used [0x0000000795580000,0x0000000795580000,0x0000000796d00000)
  from space 1024K, 81% used [0x0000000796d00000,0x0000000796dd0000,0x0000000796e00000)
  to   space 1536K, 0% used [0x0000000796e80000,0x0000000796e80000,0x0000000797000000)
 ParOldGen       total 52736K, used 13453K [0x0000000740000000, 0x0000000743380000, 0x0000000795580000)
  object space 52736K, 25% used [0x0000000740000000,0x0000000740d23758,0x0000000743380000)
 Metaspace       used 23026K, capacity 24234K, committed 24448K, reserved 1071104K
  class space    used 3133K, capacity 3401K, committed 3456K, reserved 1048576K
}
Event: 133.920 GC heap before
{Heap before GC invocations=53 (full 1):
 PSYoungGen      total 25088K, used 24896K [0x0000000795580000, 0x0000000797000000, 0x00000007c0000000)
  eden space 24064K, 100% used [0x0000000795580000,0x0000000796d00000,0x0000000796d00000)
  from space 1024K, 81% used [0x0000000796d00000,0x0000000796dd0000,0x0000000796e00000)
  to   space 1536K, 0% used [0x0000000796e80000,0x0000000796e80000,0x0000000797000000)
 ParOldGen       total 52736K, used 13453K [0x0000000740000000, 0x0000000743380000, 0x0000000795580000)
  object space 52736K, 25% used [0x0000000740000000,0x0000000740d23758,0x0000000743380000)
 Metaspace       used 23030K, capacity 24234K, committed 24448K, reserved 1071104K
  class space    used 3133K, capacity 3401K, committed 3456K, reserved 1048576K
Event: 133.925 GC heap after
Heap after GC invocations=53 (full 1):
 PSYoungGen      total 25600K, used 896K [0x0000000795580000, 0x0000000797000000, 0x00000007c0000000)
  eden space 24064K, 0% used [0x0000000795580000,0x0000000795580000,0x0000000796d00000)
  from space 1536K, 58% used [0x0000000796e80000,0x0000000796f60000,0x0000000797000000)
  to   space 1536K, 0% used [0x0000000796d00000,0x0000000796d00000,0x0000000796e80000)
 ParOldGen       total 52736K, used 13469K [0x0000000740000000, 0x0000000743380000, 0x0000000795580000)
  object space 52736K, 25% used [0x0000000740000000,0x0000000740d27758,0x0000000743380000)
 Metaspace       used 23030K, capacity 24234K, committed 24448K, reserved 1071104K
  class space    used 3133K, capacity 3401K, committed 3456K, reserved 1048576K
}

